{
  "stats": {
    "suites": 1,
    "tests": 1,
    "passes": 1,
    "pending": 0,
    "failures": 0,
    "start": "2020-11-03T12:16:54.404Z",
    "end": "2020-11-03T12:16:54.419Z",
    "duration": 15,
    "testsRegistered": 1,
    "passPercent": 100,
    "pendingPercent": 0,
    "other": 0,
    "hasOther": false,
    "skipped": 0,
    "hasSkipped": false
  },
  "results": [
    {
      "uuid": "1f833297-8c04-43cb-aabb-f47b0ed13a43",
      "title": "",
      "fullFile": "",
      "file": "",
      "beforeHooks": [],
      "afterHooks": [],
      "tests": [],
      "suites": [
        {
          "uuid": "c31b34fe-fd15-47da-9423-77b5a3b1312f",
          "title": "Array Execution",
          "fullFile": "C:\\Users\\pranathi\\Desktop\\REACTMAIN\\REACTMAIN\\Day4\\ReactApp\\test\\test.js",
          "file": "\\test\\test.js",
          "beforeHooks": [],
          "afterHooks": [],
          "tests": [
            {
              "title": "#indexOf()",
              "fullTitle": "Array Execution #indexOf()",
              "timedOut": false,
              "duration": 2,
              "state": "passed",
              "speed": "fast",
              "pass": true,
              "fail": false,
              "pending": false,
              "context": null,
              "code": "foo.should.be.a('string');\nfoo.should.equal('bar');\nfoo.should.have.length(3);\nbeverages.should.have.property('tea').with.length(3);",
              "err": {},
              "uuid": "d14e2e34-1af6-4051-9081-38a0b68f4034",
              "parentUUID": "c31b34fe-fd15-47da-9423-77b5a3b1312f",
              "isHook": false,
              "skipped": false
            }
          ],
          "suites": [],
          "passes": [
            "d14e2e34-1af6-4051-9081-38a0b68f4034"
          ],
          "failures": [],
          "pending": [],
          "skipped": [],
          "duration": 2,
          "root": false,
          "rootEmpty": false,
          "_timeout": 2000
        }
      ],
      "passes": [],
      "failures": [],
      "pending": [],
      "skipped": [],
      "duration": 0,
      "root": true,
      "rootEmpty": true,
      "_timeout": 2000
    }
  ],
  "meta": {
    "mocha": {
      "version": "8.2.1"
    },
    "mochawesome": {
      "options": {
        "quiet": false,
        "reportFilename": "mochawesome",
        "saveHtml": true,
        "saveJson": true,
        "consoleReporter": "spec",
        "useInlineDiffs": false,
        "code": true
      },
      "version": "6.2.1"
    },
    "marge": {
      "options": null,
      "version": "5.1.0"
    }
  }
}